connected
Opening serialport /dev/tty.usbmodem1411
disconnected
connected
Opening serialport /dev/tty.usbmodem1411
disconnected
connected
Opening serialport /dev/tty.usbmodem1411
disconnected
connected
Opening serialport /dev/tty.usbmodem1411
disconnected
connected
Opening serialport /dev/tty.usbmodem1411
disconnected
connected
Opening serialport /dev/tty.usbmodem1411
disconnected
connected
Opening serialport /dev/tty.usbmodem1411
disconnected
connected
Opening serialport /dev/tty.usbmodem1411
disconnected
connected
Opening serialport /dev/tty.usbmodem1411
disconnected
connected
Opening serialport /dev/tty.usbmodem1411
disconnected
connected
Opening serialport /dev/tty.usbmodem1411
disconnected
connected
Opening serialport /dev/tty.usbmodem1411
disconnected
connected
Opening serialport /dev/tty.usbmodem1411
disconnected
connected
Opening serialport /dev/tty.usbmodem1411
disconnected
connected
Opening serialport /dev/tty.usbmodem1411
disconnected
connected
Opening serialport /dev/tty.usbmodem1411
disconnected
connected
Opening serialport /dev/tty.usbmodem1411
disconnected
connected
Opening serialport /dev/tty.usbmodem1411
disconnected
connected
Opening serialport /dev/tty.usbmodem1411
disconnected
connected
Opening serialport /dev/tty.usbmodem1411
disconnected
connected
Opening serialport /dev/tty.usbmodem1411
disconnected
connected
Opening serialport /dev/tty.usbmodem1411
disconnected
connected
Opening serialport /dev/tty.usbmodem1411
disconnected
connected
Opening serialport /dev/tty.usbmodem1411
disconnected
connected
Opening serialport /dev/tty.usbmodem1411
disconnected
connected
Opening serialport /dev/tty.usbmodem1411
disconnected
connected
Opening serialport /dev/tty.usbmodem1411
disconnected
connected
Opening serialport /dev/tty.usbmodem1411
disconnected
connected
Opening serialport /dev/tty.usbmodem1411
/Users/exhibits/node_modules/ws/lib/WebSocket.js:214
    else throw new Error('not opened');
               ^
Error: not opened
    at WebSocket.send (/Users/exhibits/node_modules/ws/lib/WebSocket.js:214:16)
    at SerialPort.<anonymous> (/Users/exhibits/Desktop/fluidPower/nodeSource/wsServer.js:22:26)
    at SerialPort.emit (events.js:107:17)
    at /Users/exhibits/node_modules/serialport/parsers.js:25:17
    at Array.forEach (native)
    at Object.parser (/Users/exhibits/node_modules/serialport/parsers.js:24:13)
    at Object.SerialPort.opts.dataCallback (/Users/exhibits/node_modules/serialport/serialport.js:181:12)
    at SerialPortFactory.SerialPort._emitData (/Users/exhibits/node_modules/serialport/serialport.js:396:20)
    at afterRead (/Users/exhibits/node_modules/serialport/serialport.js:372:20)
    at /Users/exhibits/node_modules/serialport/serialport.js:388:9
connected
Opening serialport /dev/tty.usbmodem1411
disconnected
connected
Opening serialport /dev/tty.usbmodem1411
disconnected
connected
Opening serialport /dev/tty.usbmodem1411
disconnected
connected
Opening serialport /dev/tty.usbmodem1411
disconnected
connected
Opening serialport /dev/tty.usbmodem1411
disconnected
connected
Opening serialport /dev/tty.usbmodem1411
disconnected
connected
Opening serialport /dev/tty.usbmodem1411
disconnected
connected
Opening serialport /dev/tty.usbmodem1411
disconnected
connected
Opening serialport /dev/tty.usbmodem1411
disconnected
connected
Opening serialport /dev/tty.usbmodem1411
disconnected
connected
Opening serialport /dev/tty.usbmodem1411
disconnected
connected
Opening serialport /dev/tty.usbmodem1411
disconnected
connected
Opening serialport /dev/tty.usbmodem1411
disconnected
connected
Opening serialport /dev/tty.usbmodem1411
disconnected
connected
Opening serialport /dev/tty.usbmodem1411
disconnected
connected
Opening serialport /dev/tty.usbmodem1411
disconnected
connected
Opening serialport /dev/tty.usbmodem1411
disconnected
connected
Opening serialport /dev/tty.usbmodem1411
disconnected
connected
Opening serialport /dev/tty.usbmodem1411
