Arguments: 
  /usr/local/Cellar/node/8.9.1/bin/node /usr/local/Cellar/yarn/1.3.2/libexec/bin/yarn.js dist

PATH: 
  /opt/local/bin:/opt/local/sbin:/usr/local/bin:/usr/bin:/bin:/usr/sbin:/sbin

Yarn version: 
  1.3.2

Node version: 
  8.9.1

Platform: 
  darwin x64

npm manifest: 
  {
    "name": "MidiGrid",
    "version": "1.1.0",
    "description": "Backend for MidiGrid",
    "main": "main.js",
    "build": {
      "mac": {
        "category": "public.app-category.developer-tools"
      }
      "win": {
        "target": "portable"
      }
    },
    "scripts": {
      "start": "electron main.js",
      "pack": "electron-builder --dir",
      "dist": "electron-builder"
    },
    "repository": {
      "type": "git",
      "url": "git+https://github.com/heidgera/fluidPower.git"
    },
    "author": "ajhg",
    "license": "CC0-1.0",
    "homepage": "https://github.com/heidgera/fluidPower#readme",
    "devDependencies": {
      "electron": "^1.7.9",
      "electron-builder": "^19.46.9"
    },
    "dependencies": {
      "path": "^0.12.7",
      "serialport": "^6.0.4"
    }
  }

yarn manifest: 
  No manifest

Lockfile: 
  No lockfile

Trace: 
  SyntaxError: /Users/aheidgerken/Documents/electronApps/gridMidi/package.json: Unexpected string in JSON at position 200
      at JSON.parse (<anonymous>)
      at /usr/local/Cellar/yarn/1.3.2/libexec/lib/cli.js:770:59
      at Generator.next (<anonymous>)
      at step (/usr/local/Cellar/yarn/1.3.2/libexec/lib/cli.js:92:30)
      at /usr/local/Cellar/yarn/1.3.2/libexec/lib/cli.js:103:13
      at <anonymous>
