nohup: node: No such file or directory
nohup: node: No such file or directory
nohup: node: No such file or directory
nohup: node: No such file or directory
nohup: node: No such file or directory
module.js:339
    throw err;
    ^

Error: Cannot find module '/Users/admin/Desktop/fluidPower/serialApp/node_modules/serialport/build/serialport/v1.4.9/Release/node-v46-darwin-x64/serialport.node'
    at Function.Module._resolveFilename (module.js:337:15)
    at Function.Module._load (module.js:287:25)
    at Module.require (module.js:366:17)
    at require (module.js:385:17)
    at Object.<anonymous> (/Users/admin/Desktop/fluidPower/serialApp/node_modules/serialport/serialport.js:14:25)
    at Module._compile (module.js:435:26)
    at Object.Module._extensions..js (module.js:442:10)
    at Module.load (module.js:356:32)
    at Function.Module._load (module.js:311:12)
    at Module.require (module.js:366:17)
module.js:339
    throw err;
    ^

Error: Cannot find module '/Users/admin/Desktop/fluidPower/serialApp/node_modules/serialport/build/serialport/v1.4.9/Release/node-v46-darwin-x64/serialport.node'
    at Function.Module._resolveFilename (module.js:337:15)
    at Function.Module._load (module.js:287:25)
    at Module.require (module.js:366:17)
    at require (module.js:385:17)
    at Object.<anonymous> (/Users/admin/Desktop/fluidPower/serialApp/node_modules/serialport/serialport.js:14:25)
    at Module._compile (module.js:435:26)
    at Object.Module._extensions..js (module.js:442:10)
    at Module.load (module.js:356:32)
    at Function.Module._load (module.js:311:12)
    at Module.require (module.js:366:17)
connected
Opening serialport /dev/cu.usbserial-A400fYRl
208
210
212
214
242
connected
Opening serialport /dev/cu.usbserial-A400fYRl
208
210
212
214
242
disconnected
connected
Opening serialport /dev/cu.usbserial-A400fYRl
208
210
212
214
242
disconnected
connected
Opening serialport /dev/cu.usbserial-A400fYRl
disconnected
connected
Opening serialport /dev/cu.usbserial-A400fYRl
208
210
212
214
242
disconnected
connected
Opening serialport /dev/cu.usbserial-A400fYRl
208
210
212
214
242
disconnected
connected
Opening serialport /dev/cu.usbserial-A400fYRl
208
210
212
214
242
disconnected
connected
Opening serialport /dev/cu.usbserial-A400fYRl
208
210
212
214
242
disconnected
connected
Opening serialport /dev/cu.usbserial-A400fYRl
208
210
212
214
242
disconnected
connected
Opening serialport /dev/cu.usbserial-A400fYRl
208
210
212
214
242
disconnected
connected
Opening serialport /dev/cu.usbserial-A400fYRl
208
210
212
214
242
disconnected
connected
Opening serialport /dev/cu.usbserial-A400fYRl
208
210
212
214
242
disconnected
connected
Opening serialport /dev/cu.usbserial-A400fYRl
208
210
212
214
242
disconnected
connected
Opening serialport /dev/cu.usbserial-A400fYRl
208
210
212
214
242
disconnected
connected
Opening serialport /dev/cu.usbserial-A400fYRl
208
210
212
214
242
disconnected
connected
Opening serialport /dev/cu.usbserial-A400fYRl
208
210
212
214
242
disconnected
connected
Opening serialport /dev/cu.usbserial-A400fYRl
208
210
212
214
242
disconnected
connected
Opening serialport /dev/cu.usbserial-A400fYRl
208
210
212
214
242
disconnected
connected
Opening serialport /dev/cu.usbserial-A400fYRl
208
210
212
214
242
disconnected
connected
Opening serialport /dev/cu.usbserial-A400fYRl
208
210
212
214
242
disconnected
connected
Opening serialport /dev/cu.usbserial-A400fYRl
208
210
212
214
242
disconnected
connected
Opening serialport /dev/cu.usbserial-A400fYRl
208
210
212
214
242
disconnected
connected
Opening serialport /dev/cu.usbserial-A400fYRl
208
210
212
214
242
disconnected
connected
Opening serialport /dev/cu.usbserial-A400fYRl
208
210
212
214
242
